# JRE version: Java(TM) SE Runtime Environment (17.0.8+9) (build 17.0.8+9-LTS-211)
# Java VM: Java HotSpot(TM) 64-Bit Server VM (17.0.8+9-LTS-211, mixed mode, sharing, tiered, compressed oops, compressed class ptrs, g1 gc, windows-amd64)
GC Precious Log:
 CPUs: 8 total, 8 available
 Memory: 7959M
 Large Page Support: Disabled
 NUMA Support: Disabled
 Compressed Oops: Enabled (32-bit)
 Heap Region Size: 1M
 Heap Min Capacity: 8M
 Heap Initial Capacity: 126M
 Heap Max Capacity: 1990M
 Pre-touch: Disabled
 Parallel Workers: 8
 Concurrent Workers: 2
 Concurrent Refinement Workers: 8
 Periodic GC: Disabled
Heap:
 garbage-first heap   total 84992K, used 65456K [0x0000000083a00000, 0x0000000100000000)
  region size 1024K, 30 young (30720K), 5 survivors (5120K)
 Metaspace       used 77985K, committed 78656K, reserved 1179648K
  class space    used 10551K, committed 10880K, reserved 1048576K
GC Heap History (20 events):
Event: 29.714 GC heap before
{Heap before GC invocations=21 (full 0):
 garbage-first heap   total 58368K, used 46979K [0x0000000083a00000, 0x0000000100000000)
  region size 1024K, 18 young (18432K), 3 survivors (3072K)
 Metaspace       used 66399K, committed 66880K, reserved 1114112K
  class space    used 9052K, committed 9280K, reserved 1048576K
}
Event: 29.718 GC heap after
{Heap after GC invocations=22 (full 0):
 garbage-first heap   total 58368K, used 32226K [0x0000000083a00000, 0x0000000100000000)
  region size 1024K, 1 young (1024K), 1 survivors (1024K)
 Metaspace       used 66399K, committed 66880K, reserved 1114112K
  class space    used 9052K, committed 9280K, reserved 1048576K
}
Event: 29.856 GC heap before
{Heap before GC invocations=23 (full 0):
 garbage-first heap   total 65536K, used 46562K [0x0000000083a00000, 0x0000000100000000)
  region size 1024K, 16 young (16384K), 1 survivors (1024K)
 Metaspace       used 66808K, committed 67328K, reserved 1114112K
  class space    used 9082K, committed 9344K, reserved 1048576K
}
Event: 29.858 GC heap after
{Heap after GC invocations=24 (full 0):
 garbage-first heap   total 65536K, used 32263K [0x0000000083a00000, 0x0000000100000000)
  region size 1024K, 1 young (1024K), 1 survivors (1024K)
 Metaspace       used 66808K, committed 67328K, reserved 1114112K
  class space    used 9082K, committed 9344K, reserved 1048576K
}
Event: 30.273 GC heap before
{Heap before GC invocations=24 (full 0):
 garbage-first heap   total 65536K, used 53767K [0x0000000083a00000, 0x0000000100000000)
  region size 1024K, 22 young (22528K), 1 survivors (1024K)
 Metaspace       used 68638K, committed 69184K, reserved 1114112K
  class space    used 9353K, committed 9600K, reserved 1048576K
}
Event: 30.276 GC heap after
{Heap after GC invocations=25 (full 0):
 garbage-first heap   total 65536K, used 33576K [0x0000000083a00000, 0x0000000100000000)
  region size 1024K, 3 young (3072K), 3 survivors (3072K)
 Metaspace       used 68638K, committed 69184K, reserved 1114112K
  class space    used 9353K, committed 9600K, reserved 1048576K
}
Event: 30.461 GC heap before
{Heap before GC invocations=26 (full 0):
 garbage-first heap   total 65536K, used 53032K [0x0000000083a00000, 0x0000000100000000)
  region size 1024K, 22 young (22528K), 3 survivors (3072K)
 Metaspace       used 68828K, committed 69312K, reserved 1114112K
  class space    used 9370K, committed 9600K, reserved 1048576K
}
Event: 30.464 GC heap after
{Heap after GC invocations=27 (full 0):
 garbage-first heap   total 65536K, used 33880K [0x0000000083a00000, 0x0000000100000000)
  region size 1024K, 2 young (2048K), 2 survivors (2048K)
 Metaspace       used 68828K, committed 69312K, reserved 1114112K
  class space    used 9370K, committed 9600K, reserved 1048576K
}
Event: 30.684 GC heap before
{Heap before GC invocations=27 (full 0):
 garbage-first heap   total 65536K, used 53336K [0x0000000083a00000, 0x0000000100000000)
  region size 1024K, 21 young (21504K), 2 survivors (2048K)
 Metaspace       used 68938K, committed 69504K, reserved 1114112K
  class space    used 9377K, committed 9664K, reserved 1048576K
}
Event: 30.688 GC heap after
{Heap after GC invocations=28 (full 0):
 garbage-first heap   total 65536K, used 34204K [0x0000000083a00000, 0x0000000100000000)
  region size 1024K, 1 young (1024K), 1 survivors (1024K)
 Metaspace       used 68938K, committed 69504K, reserved 1114112K
  class space    used 9377K, committed 9664K, reserved 1048576K
}
Event: 33.109 GC heap before
{Heap before GC invocations=29 (full 0):
 garbage-first heap   total 65536K, used 54684K [0x0000000083a00000, 0x0000000100000000)
  region size 1024K, 21 young (21504K), 1 survivors (1024K)
 Metaspace       used 70580K, committed 71232K, reserved 1114112K
  class space    used 9540K, committed 9856K, reserved 1048576K
}
Event: 33.114 GC heap after
{Heap after GC invocations=30 (full 0):
 garbage-first heap   total 65536K, used 35840K [0x0000000083a00000, 0x0000000100000000)
  region size 1024K, 3 young (3072K), 3 survivors (3072K)
 Metaspace       used 70580K, committed 71232K, reserved 1114112K
  class space    used 9540K, committed 9856K, reserved 1048576K
}
Event: 33.354 GC heap before
{Heap before GC invocations=30 (full 0):
 garbage-first heap   total 65536K, used 53248K [0x0000000083a00000, 0x0000000100000000)
  region size 1024K, 20 young (20480K), 3 survivors (3072K)
 Metaspace       used 70751K, committed 71360K, reserved 1114112K
  class space    used 9549K, committed 9856K, reserved 1048576K
}
Event: 33.359 GC heap after
{Heap after GC invocations=31 (full 0):
 garbage-first heap   total 65536K, used 36269K [0x0000000083a00000, 0x0000000100000000)
  region size 1024K, 1 young (1024K), 1 survivors (1024K)
 Metaspace       used 70751K, committed 71360K, reserved 1114112K
  class space    used 9549K, committed 9856K, reserved 1048576K
}
Event: 33.693 GC heap before
{Heap before GC invocations=32 (full 0):
 garbage-first heap   total 70656K, used 54701K [0x0000000083a00000, 0x0000000100000000)
  region size 1024K, 19 young (19456K), 1 survivors (1024K)
 Metaspace       used 71227K, committed 71872K, reserved 1114112K
  class space    used 9610K, committed 9920K, reserved 1048576K
}
Event: 33.696 GC heap after
{Heap after GC invocations=33 (full 0):
 garbage-first heap   total 70656K, used 36944K [0x0000000083a00000, 0x0000000100000000)
  region size 1024K, 2 young (2048K), 2 survivors (2048K)
 Metaspace       used 71227K, committed 71872K, reserved 1114112K
  class space    used 9610K, committed 9920K, reserved 1048576K
}
Event: 34.478 GC heap before
{Heap before GC invocations=33 (full 0):
 garbage-first heap   total 70656K, used 58448K [0x0000000083a00000, 0x0000000100000000)
  region size 1024K, 23 young (23552K), 2 survivors (2048K)
 Metaspace       used 73490K, committed 74048K, reserved 1114112K
  class space    used 9913K, committed 10176K, reserved 1048576K
}
Event: 34.485 GC heap after
{Heap after GC invocations=34 (full 0):
 garbage-first heap   total 84992K, used 38565K [0x0000000083a00000, 0x0000000100000000)
  region size 1024K, 3 young (3072K), 3 survivors (3072K)
 Metaspace       used 73490K, committed 74048K, reserved 1114112K
  class space    used 9913K, committed 10176K, reserved 1048576K
}
Event: 35.564 GC heap before
{Heap before GC invocations=35 (full 0):
 garbage-first heap   total 84992K, used 70309K [0x0000000083a00000, 0x0000000100000000)
  region size 1024K, 34 young (34816K), 3 survivors (3072K)
 Metaspace       used 75876K, committed 76480K, reserved 1179648K
  class space    used 10266K, committed 10560K, reserved 1048576K
}
Event: 35.575 GC heap after
{Heap after GC invocations=36 (full 0):
 garbage-first heap   total 84992K, used 40880K [0x0000000083a00000, 0x0000000100000000)
  region size 1024K, 5 young (5120K), 5 survivors (5120K)
 Metaspace       used 75876K, committed 76480K, reserved 1179648K
  class space    used 10266K, committed 10560K, reserved 1048576K
}

