# JRE version: Java(TM) SE Runtime Environment (17.0.8+9) (build 17.0.8+9-LTS-211)
# Java VM: Java HotSpot(TM) 64-Bit Server VM (17.0.8+9-LTS-211, mixed mode, sharing, tiered, compressed oops, compressed class ptrs, g1 gc, windows-amd64)
GC Precious Log:
 CPUs: 8 total, 8 available
 Memory: 7959M
 Large Page Support: Disabled
 NUMA Support: Disabled
 Compressed Oops: Enabled (32-bit)
 Heap Region Size: 1M
 Heap Min Capacity: 8M
 Heap Initial Capacity: 126M
 Heap Max Capacity: 1990M
 Pre-touch: Disabled
 Parallel Workers: 8
 Concurrent Workers: 2
 Concurrent Refinement Workers: 8
 Periodic GC: Disabled
Heap:
 garbage-first heap   total 56320K, used 34772K [0x0000000083a00000, 0x0000000100000000)
  region size 1024K, 8 young (8192K), 2 survivors (2048K)
 Metaspace       used 74831K, committed 75456K, reserved 1179648K
  class space    used 9513K, committed 9856K, reserved 1048576K
GC Heap History (20 events):
Event: 5511.209 GC heap before
{Heap before GC invocations=110 (full 0):
 garbage-first heap   total 56320K, used 46538K [0x0000000083a00000, 0x0000000100000000)
  region size 1024K, 14 young (14336K), 1 survivors (1024K)
 Metaspace       used 73909K, committed 74496K, reserved 1114112K
  class space    used 9488K, committed 9792K, reserved 1048576K
}
Event: 5511.216 GC heap after
{Heap after GC invocations=111 (full 0):
 garbage-first heap   total 56320K, used 34393K [0x0000000083a00000, 0x0000000100000000)
  region size 1024K, 1 young (1024K), 1 survivors (1024K)
 Metaspace       used 73909K, committed 74496K, reserved 1114112K
  class space    used 9488K, committed 9792K, reserved 1048576K
}
Event: 5590.469 GC heap before
{Heap before GC invocations=111 (full 0):
 garbage-first heap   total 56320K, used 48729K [0x0000000083a00000, 0x0000000100000000)
  region size 1024K, 15 young (15360K), 1 survivors (1024K)
 Metaspace       used 73910K, committed 74496K, reserved 1114112K
  class space    used 9488K, committed 9792K, reserved 1048576K
}
Event: 5590.472 GC heap after
{Heap after GC invocations=112 (full 0):
 garbage-first heap   total 56320K, used 34295K [0x0000000083a00000, 0x0000000100000000)
  region size 1024K, 1 young (1024K), 1 survivors (1024K)
 Metaspace       used 73910K, committed 74496K, reserved 1114112K
  class space    used 9488K, committed 9792K, reserved 1048576K
}
Event: 5809.610 GC heap before
{Heap before GC invocations=112 (full 0):
 garbage-first heap   total 56320K, used 48631K [0x0000000083a00000, 0x0000000100000000)
  region size 1024K, 15 young (15360K), 1 survivors (1024K)
 Metaspace       used 73910K, committed 74496K, reserved 1114112K
  class space    used 9488K, committed 9792K, reserved 1048576K
}
Event: 5809.612 GC heap after
{Heap after GC invocations=113 (full 0):
 garbage-first heap   total 56320K, used 34284K [0x0000000083a00000, 0x0000000100000000)
  region size 1024K, 1 young (1024K), 1 survivors (1024K)
 Metaspace       used 73910K, committed 74496K, reserved 1114112K
  class space    used 9488K, committed 9792K, reserved 1048576K
}
Event: 5970.293 GC heap before
{Heap before GC invocations=113 (full 0):
 garbage-first heap   total 56320K, used 47596K [0x0000000083a00000, 0x0000000100000000)
  region size 1024K, 15 young (15360K), 1 survivors (1024K)
 Metaspace       used 73915K, committed 74496K, reserved 1114112K
  class space    used 9488K, committed 9792K, reserved 1048576K
}
Event: 5970.295 GC heap after
{Heap after GC invocations=114 (full 0):
 garbage-first heap   total 56320K, used 34333K [0x0000000083a00000, 0x0000000100000000)
  region size 1024K, 1 young (1024K), 1 survivors (1024K)
 Metaspace       used 73915K, committed 74496K, reserved 1114112K
  class space    used 9488K, committed 9792K, reserved 1048576K
}
Event: 6092.706 GC heap before
{Heap before GC invocations=114 (full 0):
 garbage-first heap   total 56320K, used 48669K [0x0000000083a00000, 0x0000000100000000)
  region size 1024K, 15 young (15360K), 1 survivors (1024K)
 Metaspace       used 74285K, committed 74880K, reserved 1114112K
  class space    used 9488K, committed 9792K, reserved 1048576K
}
Event: 6092.709 GC heap after
{Heap after GC invocations=115 (full 0):
 garbage-first heap   total 56320K, used 34296K [0x0000000083a00000, 0x0000000100000000)
  region size 1024K, 1 young (1024K), 1 survivors (1024K)
 Metaspace       used 74285K, committed 74880K, reserved 1114112K
  class space    used 9488K, committed 9792K, reserved 1048576K
}
Event: 6260.244 GC heap before
{Heap before GC invocations=115 (full 0):
 garbage-first heap   total 56320K, used 48632K [0x0000000083a00000, 0x0000000100000000)
  region size 1024K, 15 young (15360K), 1 survivors (1024K)
 Metaspace       used 74285K, committed 74880K, reserved 1114112K
  class space    used 9488K, committed 9792K, reserved 1048576K
}
Event: 6260.248 GC heap after
{Heap after GC invocations=116 (full 0):
 garbage-first heap   total 56320K, used 34298K [0x0000000083a00000, 0x0000000100000000)
  region size 1024K, 1 young (1024K), 1 survivors (1024K)
 Metaspace       used 74285K, committed 74880K, reserved 1114112K
  class space    used 9488K, committed 9792K, reserved 1048576K
}
Event: 6445.382 GC heap before
{Heap before GC invocations=116 (full 0):
 garbage-first heap   total 56320K, used 48634K [0x0000000083a00000, 0x0000000100000000)
  region size 1024K, 15 young (15360K), 1 survivors (1024K)
 Metaspace       used 74535K, committed 75200K, reserved 1114112K
  class space    used 9525K, committed 9856K, reserved 1048576K
}
Event: 6445.389 GC heap after
{Heap after GC invocations=117 (full 0):
 garbage-first heap   total 56320K, used 34398K [0x0000000083a00000, 0x0000000100000000)
  region size 1024K, 1 young (1024K), 1 survivors (1024K)
 Metaspace       used 74535K, committed 75200K, reserved 1114112K
  class space    used 9525K, committed 9856K, reserved 1048576K
}
Event: 6535.013 GC heap before
{Heap before GC invocations=117 (full 0):
 garbage-first heap   total 56320K, used 40542K [0x0000000083a00000, 0x0000000100000000)
  region size 1024K, 8 young (8192K), 1 survivors (1024K)
 Metaspace       used 74654K, committed 75328K, reserved 1114112K
  class space    used 9550K, committed 9856K, reserved 1048576K
}
Event: 6535.505 GC heap after
{Heap after GC invocations=118 (full 1):
 garbage-first heap   total 56320K, used 25817K [0x0000000083a00000, 0x0000000100000000)
  region size 1024K, 0 young (0K), 0 survivors (0K)
 Metaspace       used 74396K, committed 75328K, reserved 1114112K
  class space    used 9490K, committed 9856K, reserved 1048576K
}
Event: 6537.397 GC heap before
{Heap before GC invocations=118 (full 1):
 garbage-first heap   total 56320K, used 46297K [0x0000000083a00000, 0x0000000100000000)
  region size 1024K, 20 young (20480K), 0 survivors (0K)
 Metaspace       used 74579K, committed 75328K, reserved 1114112K
  class space    used 9504K, committed 9856K, reserved 1048576K
}
Event: 6537.411 GC heap after
{Heap after GC invocations=119 (full 1):
 garbage-first heap   total 56320K, used 27845K [0x0000000083a00000, 0x0000000100000000)
  region size 1024K, 2 young (2048K), 2 survivors (2048K)
 Metaspace       used 74579K, committed 75328K, reserved 1114112K
  class space    used 9504K, committed 9856K, reserved 1048576K
}
Event: 6538.490 GC heap before
{Heap before GC invocations=119 (full 1):
 garbage-first heap   total 56320K, used 43205K [0x0000000083a00000, 0x0000000100000000)
  region size 1024K, 18 young (18432K), 2 survivors (2048K)
 Metaspace       used 74815K, committed 75456K, reserved 1179648K
  class space    used 9513K, committed 9856K, reserved 1048576K
}
Event: 6538.499 GC heap after
{Heap after GC invocations=120 (full 1):
 garbage-first heap   total 56320K, used 29652K [0x0000000083a00000, 0x0000000100000000)
  region size 1024K, 2 young (2048K), 2 survivors (2048K)
 Metaspace       used 74815K, committed 75456K, reserved 1179648K
  class space    used 9513K, committed 9856K, reserved 1048576K
}

